c:\users\claire\documents\tcd\ss - 4th year\graphics\assignment_0\assignment_3\assignment_0\debug\vc120.pdb
c:\users\claire\documents\tcd\ss - 4th year\graphics\assignment_0\assignment_3\assignment_0\debug\vc120.idb
c:\users\claire\documents\tcd\ss - 4th year\graphics\assignment_0\assignment_3\assignment_0\debug\main.obj
c:\users\claire\documents\tcd\ss - 4th year\graphics\assignment_0\assignment_3\assignment_0\debug\stb_image.obj
c:\users\claire\documents\tcd\ss - 4th year\graphics\assignment_0\assignment_3\assignment_0\debug\obj_parser.obj
c:\users\claire\documents\tcd\ss - 4th year\graphics\assignment_0\assignment_4\assignment_0\debug\vc120.pdb
c:\users\claire\documents\tcd\ss - 4th year\graphics\assignment_0\assignment_4\assignment_0\debug\vc120.idb
c:\users\claire\documents\tcd\ss - 4th year\graphics\assignment_0\assignment_4\assignment_0\debug\main.obj
c:\users\claire\documents\tcd\ss - 4th year\graphics\assignment_0\assignment_4\assignment_0\debug\obj_parser.obj
c:\users\claire\documents\tcd\ss - 4th year\graphics\assignment_0\assignment_4\assignment_0\debug\stb_image.obj
c:\users\claire\documents\tcd\ss - 4th year\graphics\assignment_0\game project\assignment_0\debug\vc120.pdb
c:\users\claire\documents\tcd\ss - 4th year\graphics\assignment_0\game project\assignment_0\debug\vc120.idb
c:\users\claire\documents\tcd\ss - 4th year\graphics\assignment_0\game project\assignment_0\debug\main.obj
c:\users\claire\documents\tcd\ss - 4th year\graphics\assignment_0\game project\assignment_0\debug\obj_parser.obj
c:\users\claire\documents\tcd\ss - 4th year\graphics\assignment_0\game project\assignment_0\debug\stb_image.obj
c:\users\claire\documents\tcd\ss - 4th year\graphics\assignment_0\game project\assignment_0\debug\text.obj
c:\users\claire\documents\tcd\ss - 4th year\graphics\assignment_0\assignment_3\debug\assignment_0.ilk
c:\users\claire\documents\tcd\ss - 4th year\graphics\assignment_0\assignment_3\debug\assignment_0.exe
c:\users\claire\documents\tcd\ss - 4th year\graphics\assignment_0\assignment_3\debug\assignment_0.pdb
c:\users\claire\documents\tcd\ss - 4th year\graphics\assignment_0\assignment_4\debug\assignment_0.ilk
c:\users\claire\documents\tcd\ss - 4th year\graphics\assignment_0\assignment_4\debug\assignment_0.exe
c:\users\claire\documents\tcd\ss - 4th year\graphics\assignment_0\assignment_4\debug\assignment_0.pdb
c:\users\claire\documents\tcd\ss - 4th year\graphics\assignment_0\game project\debug\assignment_0.pdb
c:\users\claire\documents\tcd\ss - 4th year\graphics\assignment_0\game project\assignment_0\debug\assignment_0.tlog\cl.command.1.tlog
c:\users\claire\documents\tcd\ss - 4th year\graphics\assignment_0\game project\assignment_0\debug\assignment_0.tlog\cl.read.1.tlog
c:\users\claire\documents\tcd\ss - 4th year\graphics\assignment_0\game project\assignment_0\debug\assignment_0.tlog\cl.write.1.tlog
c:\users\claire\documents\tcd\ss - 4th year\graphics\assignment_0\game project\assignment_0\debug\assignment_0.tlog\link-cvtres.read.1.tlog
c:\users\claire\documents\tcd\ss - 4th year\graphics\assignment_0\game project\assignment_0\debug\assignment_0.tlog\link-cvtres.write.1.tlog
c:\users\claire\documents\tcd\ss - 4th year\graphics\assignment_0\game project\assignment_0\debug\assignment_0.tlog\link-rc.read.1.tlog
c:\users\claire\documents\tcd\ss - 4th year\graphics\assignment_0\game project\assignment_0\debug\assignment_0.tlog\link-rc.write.1.tlog
c:\users\claire\documents\tcd\ss - 4th year\graphics\assignment_0\game project\assignment_0\debug\assignment_0.tlog\link.2020-cvtres.read.1.tlog
c:\users\claire\documents\tcd\ss - 4th year\graphics\assignment_0\game project\assignment_0\debug\assignment_0.tlog\link.2020-cvtres.write.1.tlog
c:\users\claire\documents\tcd\ss - 4th year\graphics\assignment_0\game project\assignment_0\debug\assignment_0.tlog\link.2020-rc.read.1.tlog
c:\users\claire\documents\tcd\ss - 4th year\graphics\assignment_0\game project\assignment_0\debug\assignment_0.tlog\link.2020-rc.write.1.tlog
c:\users\claire\documents\tcd\ss - 4th year\graphics\assignment_0\game project\assignment_0\debug\assignment_0.tlog\link.2020.read.1.tlog
c:\users\claire\documents\tcd\ss - 4th year\graphics\assignment_0\game project\assignment_0\debug\assignment_0.tlog\link.2020.write.1.tlog
c:\users\claire\documents\tcd\ss - 4th year\graphics\assignment_0\game project\assignment_0\debug\assignment_0.tlog\link.command.1.tlog
c:\users\claire\documents\tcd\ss - 4th year\graphics\assignment_0\game project\assignment_0\debug\assignment_0.tlog\link.read.1.tlog
c:\users\claire\documents\tcd\ss - 4th year\graphics\assignment_0\game project\assignment_0\debug\assignment_0.tlog\link.write.1.tlog
